<?xml version="1.0" encoding="UTF-8"?>
<!-- Generated by org.testng.reporters.JUnitXMLReporter -->
<testsuite hostname="JunaidAhmeds-MacBook-Pro.local" name="Test" tests="3" failures="0" timestamp="1 Jun 2020 22:02:05 GMT" time="14.538" errors="0">
  <testcase name="cancelCustomer" time="12.035" classname="test.TestActitimeLoginAndCancelCustomerCreate"/>
  <testcase name="deleteWorkType" time="14.001" classname="test.TestActitimeLoginAndDeleteWorkType"/>
  <testcase name="deleteLeaveType" time="14.528" classname="test.TestActitimeLoginAndDeleteLeaveType"/>
</testsuite> <!-- Test -->
